<?xml version="1.0" encoding="UTF-8"?>
<testng-results ignored="0" total="1" passed="1" failed="0" skipped="0">
  <reporter-output>
  </reporter-output>
  <suite started-at="2021-02-13T10:56:57 IST" name="Default suite" finished-at="2021-02-13T10:57:44 IST" duration-ms="47188">
    <groups>
    </groups>
    <test started-at="2021-02-13T10:56:57 IST" name="Default test" finished-at="2021-02-13T10:57:44 IST" duration-ms="47188">
      <class name="com.pedigreeTest.TestCase.Pedigree">
        <test-method signature="f()[pri:0, instance:com.pedigreeTest.TestCase.Pedigree@6dbb137d]" started-at="2021-02-13T10:56:57 IST" name="f" finished-at="2021-02-13T10:57:44 IST" duration-ms="47117" status="PASS">
          <reporter-output>
          </reporter-output>
        </test-method> <!-- f -->
      </class> <!-- com.pedigreeTest.TestCase.Pedigree -->
    </test> <!-- Default test -->
  </suite> <!-- Default suite -->
</testng-results>
